#-----------------------------------------------------------
# Vivado v2019.1 (64-bit)
# SW Build 2552052 on Fri May 24 14:49:42 MDT 2019
# IP Build 2548770 on Fri May 24 18:01:18 MDT 2019
# Start of session at: Mon Oct  4 02:02:49 2021
# Process ID: 6588
# Current directory: C:/Users/deshr/OneDrive/Desktop/Mini Project Final/Image_Processing_Final
# Command line: vivado.exe -gui_launcher_event rodinguilauncherevent14668 C:\Users\deshr\OneDrive\Desktop\Mini Project Final\Image_Processing_Final\Image_Processing_Final.xpr
# Log file: C:/Users/deshr/OneDrive/Desktop/Mini Project Final/Image_Processing_Final/vivado.log
# Journal file: C:/Users/deshr/OneDrive/Desktop/Mini Project Final/Image_Processing_Final\vivado.jou
#-----------------------------------------------------------
start_gui
open_project {C:/Users/deshr/OneDrive/Desktop/Mini Project Final/Image_Processing_Final/Image_Processing_Final.xpr}
CRITICAL WARNING: [Project 1-19] Could not find the file 'C:/Users/deshr/OneDrive/Desktop/Mini Project Final/image.coe'.
ERROR: [Project 1-208] No val for DA Elab Attr
Scanning sources...
Finished scanning sources
CRITICAL WARNING: [Project 1-192] Failed to load run synth_1. Strategy Vivado Synthesis Defaults (Vivado Synthesis 2020) not recognized by Vivado. 

CRITICAL WARNING: [Project 1-192] Failed to load run blk_mem_gen_0_synth_1. Strategy Vivado Synthesis Defaults (Vivado Synthesis 2020) not recognized by Vivado. 

CRITICAL WARNING: [Project 1-192] Failed to load run impl_1. Strategy Vivado Implementation Defaults (Vivado Implementation 2020) not recognized by Vivado. 

CRITICAL WARNING: [Project 1-192] Failed to load run blk_mem_gen_0_impl_1. Strategy Vivado Implementation Defaults (Vivado Implementation 2020) not recognized by Vivado. 

CRITICAL WARNING: [Project 1-532] XML ERROR: Project Option SimulatorInstallDirModelSim has no valid value
CRITICAL WARNING: [Project 1-532] XML ERROR: Project Option SimulatorInstallDirQuesta has no valid value
CRITICAL WARNING: [Project 1-532] XML ERROR: Project Option SimulatorInstallDirIES has no valid value
CRITICAL WARNING: [Project 1-532] XML ERROR: Project Option SimulatorInstallDirXcelium has no valid value
CRITICAL WARNING: [Project 1-532] XML ERROR: Project Option SimulatorInstallDirVCS has no valid value
CRITICAL WARNING: [Project 1-532] XML ERROR: Project Option SimulatorInstallDirRiviera has no valid value
CRITICAL WARNING: [Project 1-532] XML ERROR: Project Option SimulatorInstallDirActiveHdl has no valid value
CRITICAL WARNING: [Project 1-532] XML ERROR: Project Option SimulatorGccInstallDirModelSim has no valid value
CRITICAL WARNING: [Project 1-532] XML ERROR: Project Option SimulatorGccInstallDirQuesta has no valid value
CRITICAL WARNING: [Project 1-532] XML ERROR: Project Option SimulatorGccInstallDirIES has no valid value
CRITICAL WARNING: [Project 1-532] XML ERROR: Project Option SimulatorGccInstallDirXcelium has no valid value
CRITICAL WARNING: [Project 1-532] XML ERROR: Project Option SimulatorGccInstallDirVCS has no valid value
CRITICAL WARNING: [Project 1-532] XML ERROR: Project Option SimulatorGccInstallDirRiviera has no valid value
CRITICAL WARNING: [Project 1-532] XML ERROR: Project Option SimulatorGccInstallDirActiveHdl has no valid value
CRITICAL WARNING: [Project 1-505] Unrecognized Option Name IPDefaultOutputPath
CRITICAL WARNING: [Project 1-505] Unrecognized Option Name DcpsUptoDate
WARNING: [IP_Flow 19-395] Problem validating against XML schema: see 'xilinx:componentInstanceExtensions' : Bad end of element
CRITICAL WARNING: [IP_Flow 19-5097] Unable to determine VLNV from IP file; verify it has the correct syntax: C:/Users/deshr/OneDrive/Desktop/Mini Project Final/Image_Processing_Final/Image_Processing_Final.srcs/sources_1/ip/blk_mem_gen_0/blk_mem_gen_0.xci
WARNING: [Project 1-231] Project 'Image_Processing_Final.xpr' was created with a future version and may or may not perform reliably with this version of Vivado. It has been opened in read-only mode for the protection of unrecognized data. Use 'File | Save Project As...' if you wish to alter a copy of the project.
INFO: [IP_Flow 19-234] Refreshing IP repositories
INFO: [IP_Flow 19-1704] No user IP repositories specified
INFO: [IP_Flow 19-2313] Loaded Vivado IP repository 'C:/Xilinx/Vivado/2019.1/data/ip'.
open_project: Time (s): cpu = 00:00:25 ; elapsed = 00:00:12 . Memory (MB): peak = 773.574 ; gain = 144.859
ERROR: [Common 17-39] 'open_project' failed due to earlier errors.
update_compile_order -fileset sources_1
exit
INFO: [Common 17-206] Exiting Vivado at Mon Oct  4 02:06:35 2021...
